Start Time 18:49

No need to create C:\Users\noaha\Documents\02_audio_capture\


No need to create C:\Users\noaha\Documents\03_audio_encodes\


No need to create C:\Users\noaha\Documents\04_video_capture\


No need to create C:\Users\noaha\Documents\05_video_encodes\

Start Time 18:58

No need to create C:\Users\noaha\Documents\02_audio_capture\


No need to create C:\Users\noaha\Documents\03_audio_encodes\


No need to create C:\Users\noaha\Documents\04_video_capture\


No need to create C:\Users\noaha\Documents\05_video_encodes\

Start Time 19:2

No need to create C:\Users\noaha\Documents\02_audio_capture\


No need to create C:\Users\noaha\Documents\03_audio_encodes\


No need to create C:\Users\noaha\Documents\04_video_capture\


No need to create C:\Users\noaha\Documents\05_video_encodes\



Blackmagic HyperDeck Studio Mini[0008].mov found to be downlaoded. Starting download now.


0%
0.01%
0.03%
0.04%
0.06%
0.07%
0.08%
0.1%
0.11%
0.13%
0.14%
0.16%
0.17%
0.18%
0.2%
0.21%
0.23%
0.24%
0.25%
0.27%
0.28%
0.3%
0.31%
0.33%
0.34%
0.35%
0.37%
0.38%
0.4%
0.41%
0.43%
0.44%
0.45%
0.47%
0.48%
0.5%
0.51%
0.53%
0.54%
0.55%
0.57%
0.58%
0.6%
0.61%
0.62%
0.64%
0.65%
0.67%
0.68%
0.7%
0.71%
0.72%
0.74%
0.75%
0.77%
0.78%
0.8%
0.81%
0.82%
0.84%
0.85%
0.87%
0.88%
0.89%
0.91%
0.92%
0.94%
0.95%
0.97%
0.98%
0.99%
1.01%
1.02%
1.04%
1.05%
1.07%
1.08%
1.09%
1.11%
1.12%
1.14%
1.15%
1.17%
1.18%
1.19%
1.21%
1.22%
1.24%
1.25%
1.27%
1.28%
1.29%
1.31%
1.32%
1.34%
1.35%
1.37%
1.38%
1.39%
1.41%
1.42%
1.44%
1.45%
1.47%
1.48%
1.49%
1.51%
1.52%
1.54%
1.55%
1.56%
1.58%
1.59%
1.61%
1.62%
1.64%
1.65%
1.67%
1.68%
1.69%
1.71%
1.72%
1.74%
1.75%
1.76%
1.78%
1.79%
1.81%
1.82%
1.84%
1.85%
1.86%
1.88%
1.89%
1.91%
1.92%
1.94%
1.95%
1.96%
1.98%
1.99%
2.01%
2.02%
2.04%
2.05%
2.06%
2.08%
2.09%
2.11%
2.12%
2.13%
2.15%
2.16%
2.18%
2.19%
2.21%
2.22%
2.23%
2.25%
2.26%
2.28%
2.29%
2.31%
2.32%
2.33%
2.35%
2.36%
2.38%
2.39%
2.41%
2.42%
2.43%
2.45%
2.46%
2.48%
2.49%
2.51%
2.52%
